c:\users\mahdis\source\repos\g_hw1\g_hw1\x64\debug\vc142.pdb
c:\users\mahdis\source\repos\g_hw1\g_hw1\x64\debug\vc142.idb
c:\users\mahdis\source\repos\g_hw1\g_hw1\x64\debug\glad.obj
c:\users\mahdis\source\repos\g_hw1\g_hw1\x64\debug\source.obj
c:\users\mahdis\source\repos\g_hw1\g_hw1\x64\debug\shader.obj
c:\users\mahdis\source\repos\g_hw1\g_hw1\x64\debug\objects.obj
c:\users\mahdis\source\repos\g_hw1\g_hw1\x64\debug\ifunctionalobject.obj
c:\users\mahdis\source\repos\g_hw1\g_hw1\x64\debug\graphicdevice.obj
c:\users\mahdis\source\repos\g_hw1\g_hw1\x64\debug\gameobject.obj
c:\users\mahdis\source\repos\g_hw1\g_hw1\x64\debug\cubeobject.obj
c:\users\mahdis\source\repos\g_hw1\g_hw1\x64\debug\camera.obj
c:\users\mahdis\source\repos\g_hw1\g_hw1\x64\debug\positionedorientedobject.obj
c:\users\mahdis\source\repos\g_hw1\g_hw1\x64\debug\pyramidobject.obj
c:\users\mahdis\source\repos\g_hw1\g_hw1\x64\debug\prismobject.obj
c:\users\mahdis\source\repos\g_hw1\x64\debug\g_hw1.exe
c:\users\mahdis\source\repos\g_hw1\x64\debug\g_hw1.ilk
c:\users\mahdis\source\repos\g_hw1\x64\debug\g_hw1.pdb
c:\users\mahdis\source\repos\g_hw1\g_hw1\x64\debug\g_hw1.tlog\cl.command.1.tlog
c:\users\mahdis\source\repos\g_hw1\g_hw1\x64\debug\g_hw1.tlog\cl.read.1.tlog
c:\users\mahdis\source\repos\g_hw1\g_hw1\x64\debug\g_hw1.tlog\cl.write.1.tlog
c:\users\mahdis\source\repos\g_hw1\g_hw1\x64\debug\g_hw1.tlog\link.command.1.tlog
c:\users\mahdis\source\repos\g_hw1\g_hw1\x64\debug\g_hw1.tlog\link.read.1.tlog
c:\users\mahdis\source\repos\g_hw1\g_hw1\x64\debug\g_hw1.tlog\link.write.1.tlog
